2025-10-03 06:16:37 [INFO] [80593bb5-3502-4a9c-904c-9879efaba53e] [Auth] Signing access token for user: benjaminokumu12@gmail.com
2025-10-03 06:16:37 [INFO] [409fd401-5f05-44f2-aee7-6aeaf4187da7] [Auth] Signing refresh token for user: benjaminokumu12@gmail.com
2025-10-03 06:16:37 [INFO] [281cb1fe-3ee3-4615-b27b-eba26894534b] [Auth] Setting auth cookies
2025-10-03 06:16:37 [INFO] [auth:login] User logged in: benjaminokumu12@gmail.com
2025-10-03 06:16:41 [ERROR] [articles:by-id] Error fetching article by ID
2025-10-03 06:16:41 [ERROR] [articles:by-id] Error fetching article by ID
2025-10-03 06:16:41 [ERROR] [articles:by-id] Error fetching article by ID
2025-10-03 06:16:41 [ERROR] [articles:by-id] Error fetching article by ID
2025-10-03 06:16:42 [INFO] [articles:list-create] Fetched articles list
2025-10-03 06:16:43 [INFO] [articles:list-create] Fetched articles list
2025-10-03 06:16:52 [INFO] [user:me] User profile retrieved: benjaminokumu12@gmail.com
2025-10-03 06:17:51 [ERROR] [articles:by-id] Error fetching article by ID
2025-10-03 06:17:51 [ERROR] [articles:by-id] Error fetching article by ID
2025-10-03 06:17:51 [INFO] [articles:list-create] Fetched articles list
2025-10-03 06:17:52 [INFO] [user:me] User profile retrieved: benjaminokumu12@gmail.com
2025-10-03 06:21:46 [INFO] [user:me] User profile retrieved: benjaminokumu12@gmail.com
2025-10-03 06:21:58 [INFO] [articles:list-create] Fetched articles list
2025-10-03 06:21:58 [INFO] [articles:list-create] Fetched articles list
2025-10-03 06:22:09 [INFO] [articles:by-id] Fetched article by ID
2025-10-03 06:22:09 [INFO] [articles:by-id] Fetched article by ID
2025-10-03 06:22:23 [INFO] [articles:by-id] Updated article
2025-10-03 06:22:24 [INFO] [user:me] User profile retrieved: benjaminokumu12@gmail.com
2025-10-03 06:22:25 [INFO] [articles:list-create] Fetched articles list
2025-10-03 06:22:25 [INFO] [articles:list-create] Fetched articles list
