2025-10-18 15:50:46 [WARN] [a6b94237-e110-41c1-9437-20ec3ad928d7] [Auth] No access token found in cookies
2025-10-18 15:50:46 [WARN] [user:me] Unauthenticated access attempt
2025-10-18 15:50:46 [WARN] [be32fdcb-8ec1-4fbc-bd3a-a98d1e43a74f] [Auth] No access token found in cookies
2025-10-18 15:50:46 [WARN] [user:me] Unauthenticated access attempt
2025-10-18 15:50:46 [WARN] [74630830-31ce-4790-b681-fcccdeebca1e] [Auth] No access token found in cookies
2025-10-18 15:50:46 [WARN] [user:me] Unauthenticated access attempt
2025-10-18 15:50:48 [INFO] [articles:by-slug] Fetched article by slug
2025-10-18 15:50:49 [INFO] [articles:by-slug] Fetched article by slug
2025-10-18 15:51:54 [INFO] [articles:list-create] Fetched articles list
2025-10-18 15:51:54 [INFO] [articles:list-create] Fetched articles list
2025-10-18 15:51:54 [INFO] [articles:list-create] Fetched articles list
2025-10-18 15:51:55 [INFO] [articles:list-create] Fetched articles list
2025-10-18 15:51:55 [ERROR] [articles:by-id] Error fetching article by ID
2025-10-18 15:51:55 [ERROR] [articles:by-id] Error fetching article by ID
2025-10-18 15:51:56 [INFO] [articles:list-create] Fetched articles list
2025-10-18 15:51:57 [INFO] [articles:list-create] Fetched articles list
2025-10-18 15:51:57 [INFO] [articles:list-create] Fetched articles list
2025-10-18 15:51:57 [INFO] [articles:list-create] Fetched articles list
2025-10-18 15:52:04 [INFO] [articles:by-slug] Fetched article by slug
2025-10-18 15:52:04 [INFO] [articles:by-slug] Fetched article by slug
2025-10-18 15:55:08 [INFO] [articles:list-create] Fetched articles list
2025-10-18 15:55:08 [INFO] [articles:list-create] Fetched articles list
2025-10-18 15:56:02 [INFO] [articles:by-slug] Fetched article by slug
2025-10-18 15:56:02 [INFO] [articles:by-slug] Fetched article by slug
2025-10-18 16:20:17 [WARN] [e3baea7f-64ae-4b08-9803-902815b3c38a] [Auth] No access token found in cookies
2025-10-18 16:20:17 [WARN] [user:me] Unauthenticated access attempt
2025-10-18 16:20:17 [WARN] [bf111252-3e1e-4cda-941c-5aff4e7db4bf] [Auth] No access token found in cookies
2025-10-18 16:20:17 [WARN] [user:me] Unauthenticated access attempt
2025-10-18 16:33:11 [INFO] [articles:list-create] Fetched articles list
2025-10-18 16:33:11 [INFO] [articles:list-create] Fetched articles list
2025-10-18 16:33:53 [INFO] [articles:list-create] Fetched articles list
2025-10-18 16:33:53 [INFO] [articles:list-create] Fetched articles list
2025-10-18 16:33:55 [ERROR] [articles:by-id] Error fetching article by ID
2025-10-18 16:33:55 [ERROR] [articles:by-id] Error fetching article by ID
2025-10-18 16:33:55 [INFO] [articles:list-create] Fetched articles list
2025-10-18 16:33:55 [INFO] [articles:list-create] Fetched articles list
2025-10-18 17:58:33 [ERROR] [articles:by-id] Error fetching article by ID
2025-10-18 17:58:33 [INFO] [articles:list-create] Fetched articles list
2025-10-18 17:58:34 [INFO] [articles:list-create] Fetched articles list
2025-10-18 17:58:34 [WARN] [131af16f-0f3e-448b-b1bb-a1db13a16b21] [Auth] No access token found in cookies
2025-10-18 17:58:34 [WARN] [user:me] Unauthenticated access attempt
2025-10-18 17:58:34 [WARN] [142a6e79-aaff-4f98-bde1-be8870afd572] [Auth] No access token found in cookies
2025-10-18 17:58:34 [WARN] [user:me] Unauthenticated access attempt
2025-10-18 17:58:34 [INFO] [articles:list-create] Fetched articles list
2025-10-18 17:58:35 [INFO] [articles:list-create] Fetched articles list
2025-10-18 17:58:36 [INFO] [articles:by-slug] Fetched article by slug
