2025-09-27 19:35:45 [ERROR] [articles:by-id] Error fetching article by ID
2025-09-27 19:35:45 [WARN] [a72b3b90-0926-4cc6-9c42-267a50a6ebe9] [Auth] No access token found in cookies
2025-09-27 19:35:45 [WARN] [user:me] Unauthenticated access attempt
2025-09-27 19:35:45 [ERROR] [articles:by-id] Error fetching article by ID
2025-09-27 19:35:46 [ERROR] [articles:by-id] Error fetching article by ID
2025-09-27 19:35:46 [ERROR] [articles:by-id] Error fetching article by ID
2025-09-27 19:35:46 [WARN] [35aa1c6f-c4bf-4b78-92aa-9ebb88be887a] [Auth] No access token found in cookies
2025-09-27 19:35:46 [WARN] [user:me] Unauthenticated access attempt
2025-09-27 19:35:46 [WARN] [4501ff10-4529-42a2-b1d7-6ce5694dd119] [Auth] No access token found in cookies
2025-09-27 19:35:46 [WARN] [user:me] Unauthenticated access attempt
2025-09-27 19:35:46 [WARN] [0b1d004c-539b-4d73-a49f-479274dea925] [Auth] No access token found in cookies
2025-09-27 19:35:46 [WARN] [user:me] Unauthenticated access attempt
2025-09-27 19:35:46 [INFO] [articles:list-create] Fetched articles list
2025-09-27 19:35:46 [INFO] [articles:by-slug] Fetched article by slug
2025-09-27 19:35:47 [INFO] [articles:by-slug] Fetched article by slug
2025-09-27 19:35:48 [INFO] [articles:list-create] Fetched articles list
2025-09-27 19:35:57 [ERROR] [articles:by-id] Error fetching article by ID
2025-09-27 19:35:57 [ERROR] [articles:by-id] Error fetching article by ID
2025-09-27 19:35:57 [ERROR] [articles:by-id] Error fetching article by ID
2025-09-27 19:35:57 [ERROR] [articles:by-id] Error fetching article by ID
2025-09-27 19:35:57 [INFO] [articles:list-create] Fetched articles list
2025-09-27 19:35:57 [INFO] [articles:list-create] Fetched articles list
2025-09-27 19:36:22 [INFO] [articles:by-slug] Fetched article by slug
2025-09-27 19:36:23 [INFO] [articles:by-slug] Fetched article by slug
2025-09-28 13:43:59 [ERROR] [articles:by-id] Error fetching article by ID
2025-09-28 13:43:59 [ERROR] [articles:by-id] Error fetching article by ID
2025-09-28 13:43:59 [ERROR] [articles:by-id] Error fetching article by ID
2025-09-28 13:43:59 [ERROR] [articles:by-id] Error fetching article by ID
2025-09-28 13:44:30 [ERROR] [articles:list-create] Error listing articles
2025-09-28 13:44:49 [ERROR] [articles:list-create] Error listing articles
2025-09-28 13:46:07 [ERROR] [articles:by-id] Error fetching article by ID
2025-09-28 13:46:07 [ERROR] [articles:by-id] Error fetching article by ID
2025-09-28 13:46:07 [WARN] [9f792255-6663-4fab-8181-9a77c078a79c] [Auth] No access token found in cookies
2025-09-28 13:46:07 [WARN] [user:me] Unauthenticated access attempt
2025-09-28 13:46:07 [WARN] [bb420ae1-ef35-45d4-85bf-9ca39a455ebb] [Auth] No access token found in cookies
2025-09-28 13:46:07 [WARN] [user:me] Unauthenticated access attempt
2025-09-28 13:46:07 [ERROR] [articles:by-id] Error fetching article by ID
2025-09-28 13:46:07 [ERROR] [articles:by-id] Error fetching article by ID
2025-09-28 13:46:37 [ERROR] [articles:list-create] Error listing articles
2025-09-28 13:46:57 [ERROR] [articles:list-create] Error listing articles
2025-09-28 13:46:57 [WARN] [52c7b93d-40fd-4d13-b574-2bbba344b59c] [Auth] No access token found in cookies
2025-09-28 13:46:57 [WARN] [user:me] Unauthenticated access attempt
2025-09-28 13:46:57 [ERROR] [articles:by-id] Error fetching article by ID
2025-09-28 13:46:57 [ERROR] [articles:by-id] Error fetching article by ID
2025-09-28 13:46:57 [ERROR] [articles:by-id] Error fetching article by ID
2025-09-28 13:46:57 [ERROR] [articles:by-id] Error fetching article by ID
2025-09-28 13:46:57 [WARN] [65a51708-d93c-42cc-9066-ca5d2a6dbad9] [Auth] No access token found in cookies
2025-09-28 13:46:57 [WARN] [user:me] Unauthenticated access attempt
2025-09-28 13:47:09 [ERROR] [articles:list-create] Error listing articles
2025-09-28 13:47:27 [ERROR] [articles:list-create] Error listing articles
