2025-09-15 10:33:41 [WARN] [463e9671-3bfb-46b7-a884-740160396e41] [Auth] No access token found in cookies
2025-09-15 10:33:41 [WARN] [user:me] Unauthenticated access attempt
2025-09-15 10:33:41 [WARN] [4e994d49-3959-4ba4-8b39-b98f4737f6e5] [Auth] No access token found in cookies
2025-09-15 10:33:41 [WARN] [user:me] Unauthenticated access attempt
2025-09-15 10:33:43 [WARN] [60596822-bf6b-47e0-9794-4a7d1537b188] [Auth] No access token found in cookies
2025-09-15 10:33:43 [WARN] [user:me] Unauthenticated access attempt
2025-09-15 10:33:43 [WARN] [6c49e3bc-3f94-4368-bf4e-6acb6b1e8f07] [Auth] No access token found in cookies
2025-09-15 10:33:43 [WARN] [user:me] Unauthenticated access attempt
2025-09-15 10:33:43 [INFO] [articles:list-create] Fetched articles list
2025-09-15 10:33:44 [INFO] [articles:list-create] Fetched articles list
2025-09-15 10:33:44 [INFO] [articles:list-create] Fetched articles list
2025-09-15 10:33:45 [INFO] [articles:list-create] Fetched articles list
2025-09-15 12:52:41 [INFO] [auth:register] User registered: benjaminokumu14@gmail.com
2025-09-15 12:52:49 [INFO] [b19b94e6-e240-49e1-b397-71eeff4ea1ae] [Auth] Signing access token for user: benjaminokumu14@gmail.com
2025-09-15 12:52:50 [INFO] [dad30a57-7131-44c4-adff-146d50bb1cb3] [Auth] Signing refresh token for user: benjaminokumu14@gmail.com
2025-09-15 12:52:50 [INFO] [dca84deb-fbd2-4e5f-8629-67cf8f1325c3] [Auth] Setting auth cookies
2025-09-15 12:52:50 [INFO] [auth:login] User logged in: benjaminokumu14@gmail.com
2025-09-15 12:53:01 [INFO] [user:me] User profile retrieved: benjaminokumu14@gmail.com
2025-09-15 12:53:02 [INFO] [articles:list-create] Fetched articles list
2025-09-15 12:53:12 [INFO] [articles:list-create] Fetched articles list
2025-09-15 12:53:12 [INFO] [articles:list-create] Fetched articles list
2025-09-15 13:00:17 [INFO] [58bc326f-a7eb-4fb6-be5e-9a9510e1b748] [Auth] Signing access token for user: benjaminokumu12@gmail.com
2025-09-15 13:00:17 [INFO] [fef14894-4ebd-4043-9db8-ae2b1191c7ed] [Auth] Signing refresh token for user: benjaminokumu12@gmail.com
2025-09-15 13:00:17 [INFO] [a1206cbb-3c83-4486-b2cc-25dc93769c06] [Auth] Setting auth cookies
2025-09-15 13:00:17 [INFO] [auth:login] User logged in: benjaminokumu12@gmail.com
