2025-09-19 15:39:22 [WARN] [2cf763d9-8f30-41f4-a4c1-d6a4d2f1a26d] [Auth] No access token found in cookies
2025-09-19 15:39:22 [WARN] [user:me] Unauthenticated access attempt
2025-09-19 15:39:23 [WARN] [e90c93a9-e835-41c7-8525-fff93950fb45] [Auth] No access token found in cookies
2025-09-19 15:39:23 [WARN] [user:me] Unauthenticated access attempt
2025-09-19 15:40:06 [INFO] [b502a720-dd50-4d20-8003-613ac65b166c] [Auth] Signing access token for user: benjaminokumu12@gmail.com
2025-09-19 15:40:06 [INFO] [50d0d219-70e7-4afe-9def-1bf3a96e7946] [Auth] Signing refresh token for user: benjaminokumu12@gmail.com
2025-09-19 15:40:06 [INFO] [c0ca78dc-efa6-4de1-b2b8-c912234001e9] [Auth] Setting auth cookies
2025-09-19 15:40:06 [INFO] [auth:login] User logged in: benjaminokumu12@gmail.com
2025-09-19 15:40:09 [INFO] [articles:list-create] Fetched articles list
2025-09-19 15:40:09 [INFO] [articles:list-create] Fetched articles list
2025-09-19 15:40:20 [ERROR] [articles:by-slug] Error fetching article by slug
2025-09-19 15:40:20 [ERROR] [articles:by-slug] Error fetching article by slug
2025-09-19 15:40:31 [INFO] [articles:list-create] Fetched articles list
2025-09-19 15:40:31 [INFO] [articles:list-create] Fetched articles list
2025-09-19 15:40:42 [INFO] [articles:list-create] Fetched articles list
2025-09-19 15:40:42 [INFO] [articles:list-create] Fetched articles list
2025-09-19 15:40:48 [INFO] [articles:list-create] Fetched articles list
2025-09-19 15:40:51 [INFO] [articles:list-create] Fetched articles list
2025-09-19 15:40:58 [ERROR] [articles:by-slug] Error fetching article by slug
2025-09-19 15:40:58 [ERROR] [articles:by-slug] Error fetching article by slug
2025-09-19 15:41:07 [INFO] [articles:list-create] Fetched articles list
2025-09-19 15:41:07 [INFO] [articles:list-create] Fetched articles list
2025-09-19 15:42:13 [ERROR] [articles:by-slug] Error fetching article by slug
2025-09-19 15:42:13 [ERROR] [articles:by-slug] Error fetching article by slug
2025-09-19 15:42:29 [WARN] [50c8fce1-0675-40b4-8190-0eca311a1845] [Auth] No access token found in cookies
2025-09-19 15:42:29 [WARN] [user:me] Unauthenticated access attempt
2025-09-19 15:42:34 [WARN] [019841cc-6080-453b-a70f-a53b968d2240] [Auth] No access token found in cookies
2025-09-19 15:42:34 [WARN] [user:me] Unauthenticated access attempt
2025-09-19 15:42:34 [ERROR] [articles:by-slug] Error fetching article by slug
2025-09-19 15:46:37 [WARN] [784d8b47-2f49-4deb-9994-59313b51fc6d] [Auth] No access token found in cookies
2025-09-19 15:46:37 [WARN] [user:me] Unauthenticated access attempt
2025-09-19 15:46:42 [INFO] [articles:by-slug] Fetched article by slug
2025-09-19 15:46:56 [WARN] [5b513459-1fc4-4e56-98ae-3cddf9f5936c] [Auth] No access token found in cookies
2025-09-19 15:47:00 [WARN] [fbae60e2-0659-4995-9b01-6440fa0bfdac] [Auth] No access token found in cookies
2025-09-19 15:47:00 [WARN] [user:me] Unauthenticated access attempt
2025-09-19 15:47:01 [INFO] [articles:by-slug] Fetched article by slug
2025-09-19 15:47:08 [WARN] [97998cbd-4b21-4780-9590-ae3a512f33c9] [Auth] No access token found in cookies
2025-09-19 15:47:08 [WARN] [user:me] Unauthenticated access attempt
2025-09-19 15:47:09 [INFO] [articles:by-slug] Fetched article by slug
2025-09-19 16:17:17 [WARN] [0a44dda1-9eec-4cfc-9b95-c15de117d962] [Auth] No access token found in cookies
2025-09-19 16:17:17 [WARN] [user:me] Unauthenticated access attempt
2025-09-19 16:17:22 [INFO] [articles:by-slug] Fetched article by slug
2025-09-19 16:17:30 [WARN] [accf17ea-7ca1-4843-8d31-5b35155e5b57] [Auth] No access token found in cookies
2025-09-19 16:17:30 [WARN] [user:me] Unauthenticated access attempt
2025-09-19 16:17:30 [INFO] [articles:by-slug] Fetched article by slug
2025-09-19 16:17:49 [WARN] [8598fefe-f254-42e8-80c7-c51096a2c89b] [Auth] No access token found in cookies
2025-09-19 16:17:49 [WARN] [user:me] Unauthenticated access attempt
2025-09-19 16:17:55 [INFO] [7831185b-4666-4c4b-8024-5e19a37624bd] [Auth] Signing access token for user: benjaminokumu14@gmail.com
2025-09-19 16:17:55 [INFO] [852005f3-284c-4b92-b02e-c1e88dd1c56f] [Auth] Signing refresh token for user: benjaminokumu14@gmail.com
2025-09-19 16:17:55 [INFO] [91f6fa78-f770-4d9c-9538-090bc63770c8] [Auth] Setting auth cookies
2025-09-19 16:17:55 [INFO] [auth:login] User logged in: benjaminokumu14@gmail.com
2025-09-19 16:17:59 [INFO] [articles:list-create] Fetched articles list
2025-09-19 16:18:01 [INFO] [articles:list-create] Fetched articles list
2025-09-19 16:18:05 [INFO] [user:me] User profile retrieved: benjaminokumu14@gmail.com
2025-09-19 16:18:08 [INFO] [user:me] User profile retrieved: benjaminokumu14@gmail.com
2025-09-19 16:18:21 [INFO] [user:me] User profile retrieved: benjaminokumu14@gmail.com
2025-09-19 16:18:37 [INFO] [user:me] User profile retrieved: benjaminokumu14@gmail.com
2025-09-19 16:18:39 [INFO] [user:me] User profile retrieved: benjaminokumu14@gmail.com
2025-09-19 16:19:06 [INFO] [user:me] User profile retrieved: benjaminokumu14@gmail.com
2025-09-19 16:19:06 [INFO] [articles:list-create] Fetched articles list
2025-09-19 16:19:09 [INFO] [user:me] User profile retrieved: benjaminokumu14@gmail.com
2025-09-19 16:19:09 [INFO] [articles:list-create] Fetched articles list
2025-09-19 16:19:32 [WARN] [e54d229f-c232-4d9a-9f66-39b8a790b085] [Auth] No access token found in cookies
2025-09-19 16:19:44 [INFO] [d5984c87-4d96-46e2-b018-6ab291a1e747] [Auth] Signing access token for user: benjaminokumu12@gmail.com
2025-09-19 16:19:44 [INFO] [03cb54b3-f19e-4abf-a5bf-5b00efdea07e] [Auth] Signing refresh token for user: benjaminokumu12@gmail.com
2025-09-19 16:19:44 [INFO] [0857dc1d-bbc8-4a19-9633-ca1c6971dd34] [Auth] Setting auth cookies
2025-09-19 16:19:44 [INFO] [auth:login] User logged in: benjaminokumu12@gmail.com
2025-09-19 16:35:46 [WARN] [04ff605a-a534-4d05-8d96-e16e5925eaa0] [Auth] No access token found in cookies
2025-09-19 16:35:52 [INFO] [25b85d1d-4cac-4824-935c-6247f16a804c] [Auth] Signing access token for user: benjaminokumu12@gmail.com
2025-09-19 16:35:52 [INFO] [ea3b95bd-517d-498d-89dd-501e3cc4dd8b] [Auth] Signing refresh token for user: benjaminokumu12@gmail.com
2025-09-19 16:35:52 [INFO] [87cc34b7-4423-48b6-9fb1-6f4933e0d878] [Auth] Setting auth cookies
2025-09-19 16:35:52 [INFO] [auth:login] User logged in: benjaminokumu12@gmail.com
2025-09-19 16:45:02 [INFO] [articles:by-id] Fetched article by ID
2025-09-19 16:45:20 [INFO] [articles:by-slug] Fetched article by slug
2025-09-19 16:45:22 [INFO] [articles:by-slug] Fetched article by slug
2025-09-19 16:45:44 [WARN] [32ddda55-4f3d-4c31-987a-17772af3d518] [Auth] No access token found in cookies
2025-09-19 16:49:21 [WARN] [453dee0c-a47b-4f78-b0cc-3c0b527022fc] [Auth] No access token found in cookies
2025-09-19 16:49:35 [WARN] [2d8dbaa3-b0fc-44ba-9c4f-a1c4609c5b58] [Auth] No access token found in cookies
2025-09-19 16:49:35 [WARN] [user:me] Unauthenticated access attempt
2025-09-19 16:49:36 [INFO] [articles:by-slug] Fetched article by slug
2025-09-19 16:49:44 [INFO] [ebc993f2-7166-47c1-877f-270ad8c52eec] [Auth] Signing access token for user: benjaminokumu14@gmail.com
2025-09-19 16:49:44 [INFO] [ebded053-1f11-49db-b4a8-dab869a9da32] [Auth] Signing refresh token for user: benjaminokumu14@gmail.com
2025-09-19 16:49:44 [INFO] [7d62284e-cc18-4c00-b6ac-fbd064561c9a] [Auth] Setting auth cookies
2025-09-19 16:49:44 [INFO] [auth:login] User logged in: benjaminokumu14@gmail.com
2025-09-19 16:49:46 [INFO] [articles:list-create] Fetched articles list
2025-09-19 16:49:46 [INFO] [articles:list-create] Fetched articles list
2025-09-19 16:49:49 [INFO] [user:me] User profile retrieved: benjaminokumu14@gmail.com
2025-09-19 16:49:50 [INFO] [articles:list-create] Fetched articles list
2025-09-19 16:49:53 [INFO] [articles:by-slug] Fetched article by slug
2025-09-19 16:49:55 [INFO] [articles:by-slug] Fetched article by slug
2025-09-19 16:51:26 [INFO] [user:me] User profile retrieved: benjaminokumu14@gmail.com
2025-09-19 16:51:27 [INFO] [articles:by-slug] Fetched article by slug
2025-09-19 16:51:52 [INFO] [user:me] User profile retrieved: benjaminokumu14@gmail.com
2025-09-19 16:51:53 [INFO] [articles:by-slug] Fetched article by slug
2025-09-19 16:52:19 [INFO] [user:me] User profile retrieved: benjaminokumu14@gmail.com
2025-09-19 16:52:19 [INFO] [articles:by-slug] Fetched article by slug
2025-09-19 16:55:18 [INFO] [user:me] User profile retrieved: benjaminokumu14@gmail.com
2025-09-19 16:55:18 [INFO] [articles:by-slug] Fetched article by slug
