2025-10-21 09:26:51 [INFO] [articles:by-id] Fetched article by ID
2025-10-21 09:26:52 [INFO] [articles:by-id] Fetched article by ID
2025-10-21 10:06:31 [WARN] [6a385066-e82a-4c48-8c20-52ea372db368] [Auth] No access token found in cookies
2025-10-21 10:06:31 [WARN] [user:me] Unauthenticated access attempt
2025-10-21 10:06:31 [WARN] [db553836-3536-4d0f-9443-b38b5bf0189c] [Auth] No access token found in cookies
2025-10-21 10:06:31 [WARN] [user:me] Unauthenticated access attempt
2025-10-21 10:06:41 [INFO] [6bf0e88f-4569-4349-a2fb-9c3bfd51d37e] [Auth] Signing access token for user: benjaminokumu12@gmail.com
2025-10-21 10:06:41 [INFO] [51cc8ede-cf05-4304-85d2-d7aa291bfc5b] [Auth] Signing refresh token for user: benjaminokumu12@gmail.com
2025-10-21 10:06:41 [INFO] [72043d3b-462a-4437-a470-0d0b145e6fbe] [Auth] Setting auth cookies
2025-10-21 10:06:41 [INFO] [auth:login] User logged in: benjaminokumu12@gmail.com
2025-10-21 10:06:46 [ERROR] [articles:by-id] Error fetching article by ID
2025-10-21 10:06:47 [INFO] [articles:list-create] Fetched articles list
2025-10-21 10:06:48 [ERROR] [articles:by-id] Error fetching article by ID
2025-10-21 10:06:48 [INFO] [user:me] User profile retrieved: benjaminokumu12@gmail.com
2025-10-21 10:06:48 [INFO] [articles:list-create] Fetched articles list
2025-10-21 10:06:48 [ERROR] [articles:by-id] Error fetching article by ID
2025-10-21 10:06:49 [INFO] [user:me] User profile retrieved: benjaminokumu12@gmail.com
2025-10-21 10:06:49 [INFO] [articles:list-create] Fetched articles list
2025-10-21 10:06:50 [INFO] [articles:list-create] Fetched articles list
2025-10-21 10:06:50 [INFO] [articles:list-create] Fetched articles list
2025-10-21 10:06:50 [INFO] [articles:list-create] Fetched articles list
2025-10-21 10:06:50 [INFO] [articles:list-create] Fetched articles list
2025-10-21 10:06:51 [INFO] [articles:list-create] Fetched articles list
2025-10-21 10:06:51 [INFO] [articles:list-create] Fetched articles list
2025-10-21 10:06:51 [INFO] [articles:list-create] Fetched articles list
2025-10-21 10:07:06 [INFO] [articles:list-create] Fetched articles list
2025-10-21 10:07:06 [INFO] [articles:list-create] Fetched articles list
2025-10-21 10:08:22 [INFO] [user:me] User profile retrieved: benjaminokumu12@gmail.com
2025-10-21 10:08:37 [INFO] [user:me] User profile retrieved: benjaminokumu12@gmail.com
2025-10-21 10:18:28 [INFO] [user:me] User profile retrieved: benjaminokumu12@gmail.com
2025-10-21 10:18:29 [INFO] [user:me] User profile retrieved: benjaminokumu12@gmail.com
2025-10-21 10:19:01 [INFO] [user:me] User profile retrieved: benjaminokumu12@gmail.com
2025-10-21 10:19:01 [INFO] [user:me] User profile retrieved: benjaminokumu12@gmail.com
2025-10-21 10:25:35 [WARN] [4c75bc41-60da-45ea-bc75-5038f8e9d0c8] [Auth] No access token found in cookies
2025-10-21 10:25:35 [WARN] [user:me] Unauthenticated access attempt
2025-10-21 10:25:35 [WARN] [529b652c-18a4-40c7-97ee-4541b1a13bf3] [Auth] No access token found in cookies
2025-10-21 10:25:35 [WARN] [user:me] Unauthenticated access attempt
2025-10-21 10:25:39 [INFO] [4cc4124f-fb8d-4e87-ae63-7ae668bb9d60] [Auth] Signing access token for user: benjaminokumu12@gmail.com
2025-10-21 10:25:39 [INFO] [db8a12e9-d6bf-4f13-ab4e-2b98c3021c00] [Auth] Signing refresh token for user: benjaminokumu12@gmail.com
2025-10-21 10:25:39 [INFO] [04d9928a-4bb1-4880-8490-4fa46f501634] [Auth] Setting auth cookies
2025-10-21 10:25:39 [INFO] [auth:login] User logged in: benjaminokumu12@gmail.com
2025-10-21 10:25:45 [ERROR] [articles:by-id] Error fetching article by ID
2025-10-21 10:25:46 [INFO] [articles:list-create] Fetched articles list
2025-10-21 10:25:47 [INFO] [articles:list-create] Fetched articles list
2025-10-21 10:25:47 [INFO] [articles:list-create] Fetched articles list
2025-10-21 10:25:47 [ERROR] [articles:by-id] Error fetching article by ID
2025-10-21 10:25:48 [INFO] [user:me] User profile retrieved: benjaminokumu12@gmail.com
2025-10-21 10:25:48 [ERROR] [articles:by-id] Error fetching article by ID
2025-10-21 10:25:48 [INFO] [articles:list-create] Fetched articles list
2025-10-21 10:25:48 [INFO] [user:me] User profile retrieved: benjaminokumu12@gmail.com
2025-10-21 10:25:48 [INFO] [articles:list-create] Fetched articles list
2025-10-21 10:25:48 [INFO] [articles:list-create] Fetched articles list
2025-10-21 10:25:49 [INFO] [articles:list-create] Fetched articles list
2025-10-21 10:25:49 [INFO] [articles:list-create] Fetched articles list
2025-10-21 10:25:49 [INFO] [articles:list-create] Fetched articles list
2025-10-21 10:25:50 [INFO] [articles:list-create] Fetched articles list
2025-10-21 10:25:50 [INFO] [articles:list-create] Fetched articles list
2025-10-21 10:25:54 [INFO] [articles:list-create] Fetched articles list
2025-10-21 10:25:59 [INFO] [articles:list-create] Fetched articles list
2025-10-21 10:25:59 [INFO] [articles:list-create] Fetched articles list
2025-10-21 11:34:47 [WARN] [811682c1-772b-4c3c-befb-c39665d656e0] [Auth] No access token found in cookies
2025-10-21 11:34:47 [WARN] [user:me] Unauthenticated access attempt
2025-10-21 11:34:48 [WARN] [6afff8af-2c1b-4f49-b7bc-1022d62adf8d] [Auth] No access token found in cookies
2025-10-21 11:34:48 [WARN] [user:me] Unauthenticated access attempt
2025-10-21 11:34:52 [INFO] [58ee122b-bcfc-47fd-86c4-7d915c4664da] [Auth] Signing access token for user: benjaminokumu12@gmail.com
2025-10-21 11:34:52 [INFO] [10420a56-22a8-4b8d-b1a6-f3cb336f63f2] [Auth] Signing refresh token for user: benjaminokumu12@gmail.com
2025-10-21 11:34:52 [INFO] [cd529530-48e3-42a0-b0c4-9302f457e41b] [Auth] Setting auth cookies
2025-10-21 11:34:52 [INFO] [auth:login] User logged in: benjaminokumu12@gmail.com
2025-10-21 11:35:01 [ERROR] [articles:by-id] Error fetching article by ID
2025-10-21 11:35:02 [INFO] [articles:list-create] Fetched articles list
2025-10-21 11:35:02 [INFO] [articles:list-create] Fetched articles list
2025-10-21 11:35:02 [INFO] [articles:list-create] Fetched articles list
2025-10-21 11:35:05 [ERROR] [articles:by-id] Error fetching article by ID
2025-10-21 11:35:05 [INFO] [user:me] User profile retrieved: benjaminokumu12@gmail.com
2025-10-21 11:35:05 [ERROR] [articles:by-id] Error fetching article by ID
2025-10-21 11:35:05 [INFO] [articles:list-create] Fetched articles list
2025-10-21 11:35:05 [INFO] [articles:list-create] Fetched articles list
2025-10-21 11:35:05 [INFO] [user:me] User profile retrieved: benjaminokumu12@gmail.com
2025-10-21 11:35:05 [INFO] [articles:list-create] Fetched articles list
2025-10-21 11:35:06 [INFO] [articles:list-create] Fetched articles list
2025-10-21 11:35:07 [INFO] [articles:list-create] Fetched articles list
2025-10-21 11:35:19 [INFO] [articles:list-create] Fetched articles list
2025-10-21 11:35:20 [INFO] [articles:list-create] Fetched articles list
2025-10-21 11:35:20 [INFO] [articles:list-create] Fetched articles list
2025-10-21 11:35:32 [INFO] [articles:list-create] Fetched articles list
2025-10-21 11:44:39 [INFO] [user:me] User profile retrieved: benjaminokumu12@gmail.com
2025-10-21 11:44:39 [INFO] [user:me] User profile retrieved: benjaminokumu12@gmail.com
2025-10-21 13:20:34 [WARN] [f9129c23-1223-47a6-b08d-b77de0dd1574] [Auth] No access token found in cookies
2025-10-21 13:20:34 [WARN] [user:me] Unauthenticated access attempt
2025-10-21 14:06:30 [INFO] [cb27e3ee-2689-448f-838f-a69ff5dd3fce] [Auth] Signing access token for user: benjaminokumu12@gmail.com
2025-10-21 14:06:30 [INFO] [e037b86d-9cc8-44ca-90d5-76a8d4ef622b] [Auth] Signing refresh token for user: benjaminokumu12@gmail.com
2025-10-21 14:06:30 [INFO] [88a84dfe-a72c-4f37-ac77-433651fb8a0d] [Auth] Setting auth cookies
2025-10-21 14:06:30 [INFO] [auth:login] User logged in: benjaminokumu12@gmail.com
2025-10-21 14:06:37 [INFO] [articles:list-create] Fetched articles list
2025-10-21 14:06:37 [INFO] [articles:list-create] Fetched articles list
2025-10-21 14:06:38 [INFO] [articles:list-create] Fetched articles list
2025-10-21 14:06:38 [ERROR] [articles:by-id] Error fetching article by ID
2025-10-21 14:06:38 [ERROR] [articles:by-id] Error fetching article by ID
2025-10-21 14:06:38 [INFO] [articles:list-create] Fetched articles list
2025-10-21 14:06:38 [INFO] [articles:list-create] Fetched articles list
2025-10-21 14:06:39 [INFO] [articles:list-create] Fetched articles list
2025-10-21 14:06:39 [INFO] [articles:list-create] Fetched articles list
2025-10-21 14:06:39 [INFO] [articles:list-create] Fetched articles list
2025-10-21 14:52:44 [WARN] [6c0506e9-4ef1-453f-81dd-24d04b4458af] [Auth] No access token found in cookies
2025-10-21 14:52:44 [WARN] [user:me] Unauthenticated access attempt
2025-10-21 14:52:44 [ERROR] [articles:by-id] Error fetching article by ID
2025-10-21 14:52:44 [ERROR] [articles:by-id] Error fetching article by ID
2025-10-21 14:52:45 [INFO] [articles:list-create] Fetched articles list
2025-10-21 14:52:45 [WARN] [a25208dd-1705-414a-82a5-91df51d5360b] [Auth] No access token found in cookies
2025-10-21 14:52:45 [WARN] [user:me] Unauthenticated access attempt
2025-10-21 14:52:45 [INFO] [articles:list-create] Fetched articles list
2025-10-21 14:52:46 [INFO] [articles:list-create] Fetched articles list
2025-10-21 14:52:46 [INFO] [articles:list-create] Fetched articles list
2025-10-21 14:52:48 [INFO] [5dc1650c-54fb-414f-b003-42f7f2709dd6] [Auth] Signing access token for user: benjaminokumu12@gmail.com
2025-10-21 14:52:48 [INFO] [d380aa11-c2f1-4048-96ac-76e7a6ae77ad] [Auth] Signing refresh token for user: benjaminokumu12@gmail.com
2025-10-21 14:52:48 [INFO] [5d7ce8b5-065d-458d-8286-271b4a36ecb6] [Auth] Setting auth cookies
2025-10-21 14:52:48 [INFO] [auth:login] User logged in: benjaminokumu12@gmail.com
2025-10-21 14:52:49 [ERROR] [articles:by-id] Error fetching article by ID
2025-10-21 14:52:49 [ERROR] [articles:by-id] Error fetching article by ID
2025-10-21 14:52:50 [INFO] [articles:list-create] Fetched articles list
2025-10-21 14:52:50 [INFO] [articles:list-create] Fetched articles list
2025-10-21 14:52:51 [INFO] [articles:list-create] Fetched articles list
2025-10-21 14:52:51 [INFO] [articles:list-create] Fetched articles list
2025-10-21 14:52:51 [INFO] [articles:list-create] Fetched articles list
2025-10-21 14:52:52 [INFO] [articles:list-create] Fetched articles list
2025-10-21 14:52:52 [INFO] [articles:list-create] Fetched articles list
2025-10-21 14:52:53 [INFO] [articles:list-create] Fetched articles list
2025-10-21 14:52:54 [ERROR] [articles:by-id] Error fetching article by ID
2025-10-21 14:52:54 [INFO] [user:me] User profile retrieved: benjaminokumu12@gmail.com
2025-10-21 14:52:54 [ERROR] [articles:by-id] Error fetching article by ID
2025-10-21 14:52:55 [INFO] [articles:list-create] Fetched articles list
2025-10-21 14:52:55 [INFO] [user:me] User profile retrieved: benjaminokumu12@gmail.com
2025-10-21 14:52:55 [INFO] [articles:list-create] Fetched articles list
2025-10-21 14:52:55 [INFO] [articles:list-create] Fetched articles list
2025-10-21 14:52:55 [INFO] [articles:list-create] Fetched articles list
2025-10-21 14:52:55 [INFO] [articles:list-create] Fetched articles list
2025-10-21 14:52:56 [INFO] [articles:list-create] Fetched articles list
2025-10-21 14:52:56 [INFO] [articles:list-create] Fetched articles list
2025-10-21 14:52:56 [INFO] [articles:list-create] Fetched articles list
2025-10-21 15:30:21 [WARN] [1832665d-0150-44ba-876c-aa4f02749a57] [Auth] No access token found in cookies
2025-10-21 15:30:21 [WARN] [user:me] Unauthenticated access attempt
2025-10-21 15:31:12 [WARN] [f9024a20-a247-47d1-89d8-16d5271b1e86] [Auth] No access token found in cookies
2025-10-21 15:31:12 [WARN] [user:me] Unauthenticated access attempt
2025-10-21 15:31:12 [WARN] [46b32222-69f5-44dd-aab3-6c36088f1bad] [Auth] No access token found in cookies
2025-10-21 15:31:12 [WARN] [user:me] Unauthenticated access attempt
2025-10-21 15:31:41 [INFO] [b6d2b1db-45eb-4014-999a-b98338ca11b5] [Auth] Signing access token for user: benjaminokumu12@gmail.com
2025-10-21 15:31:41 [INFO] [7c35a830-2c05-4ada-a73b-83251aba204f] [Auth] Signing refresh token for user: benjaminokumu12@gmail.com
2025-10-21 15:31:41 [INFO] [530cf456-8f1b-4fe0-913b-8ff6c287a1a3] [Auth] Setting auth cookies
2025-10-21 15:31:41 [INFO] [auth:login] User logged in: benjaminokumu12@gmail.com
2025-10-21 15:31:45 [INFO] [articles:list-create] Fetched articles list
2025-10-21 15:31:45 [INFO] [articles:list-create] Fetched articles list
2025-10-21 15:31:45 [ERROR] [articles:by-id] Error fetching article by ID
2025-10-21 15:31:45 [ERROR] [articles:by-id] Error fetching article by ID
2025-10-21 15:31:47 [INFO] [articles:list-create] Fetched articles list
2025-10-21 15:31:47 [INFO] [articles:list-create] Fetched articles list
2025-10-21 15:31:48 [INFO] [articles:list-create] Fetched articles list
2025-10-21 15:31:48 [ERROR] [articles:by-id] Error fetching article by ID
2025-10-21 15:31:48 [INFO] [articles:list-create] Fetched articles list
2025-10-21 15:31:49 [INFO] [articles:list-create] Fetched articles list
2025-10-21 15:31:50 [INFO] [articles:list-create] Fetched articles list
2025-10-21 15:31:51 [INFO] [user:me] User profile retrieved: benjaminokumu12@gmail.com
2025-10-21 15:31:54 [INFO] [articles:list-create] Fetched articles list
2025-10-21 15:31:55 [INFO] [articles:list-create] Fetched articles list
2025-10-21 15:32:14 [ERROR] [articles:by-id] Error fetching article by ID
2025-10-21 15:32:15 [INFO] [user:me] User profile retrieved: benjaminokumu12@gmail.com
2025-10-21 15:32:17 [INFO] [articles:list-create] Fetched articles list
2025-10-21 15:32:17 [INFO] [articles:list-create] Fetched articles list
2025-10-21 15:32:19 [INFO] [articles:list-create] Fetched articles list
2025-10-21 15:32:22 [INFO] [articles:list-create] Fetched articles list
2025-10-21 15:33:26 [INFO] [user:me] User profile retrieved: benjaminokumu12@gmail.com
2025-10-21 15:33:34 [INFO] [articles:list-create] Fetched articles list
2025-10-21 15:33:34 [INFO] [articles:list-create] Fetched articles list
2025-10-21 15:33:51 [INFO] [articles:by-id] Fetched article by ID
2025-10-21 15:33:54 [INFO] [articles:by-id] Fetched article by ID
2025-10-21 15:34:41 [INFO] [user:me] User profile retrieved: benjaminokumu12@gmail.com
2025-10-21 15:34:42 [INFO] [articles:list-create] Fetched articles list
2025-10-21 15:34:42 [INFO] [articles:list-create] Fetched articles list
2025-10-21 15:35:09 [INFO] [user:me] User profile retrieved: benjaminokumu12@gmail.com
2025-10-21 15:35:09 [INFO] [articles:list-create] Fetched articles list
2025-10-21 15:35:10 [INFO] [articles:list-create] Fetched articles list
2025-10-21 15:35:20 [INFO] [articles:list-create] Fetched articles list
2025-10-21 15:35:20 [INFO] [articles:list-create] Fetched articles list
2025-10-21 15:35:21 [INFO] [articles:list-create] Fetched articles list
2025-10-21 15:35:21 [INFO] [articles:list-create] Fetched articles list
2025-10-21 15:35:22 [ERROR] [articles:by-id] Error fetching article by ID
2025-10-21 15:35:22 [ERROR] [articles:by-id] Error fetching article by ID
2025-10-21 15:35:24 [INFO] [articles:list-create] Fetched articles list
2025-10-21 15:35:25 [INFO] [articles:list-create] Fetched articles list
2025-10-21 15:35:25 [INFO] [articles:list-create] Fetched articles list
2025-10-21 15:35:27 [INFO] [4edae292-570e-4650-bc99-e00142e9513f] [Auth] Signing access token for user: benjaminokumu12@gmail.com
2025-10-21 15:35:27 [INFO] [82cf3e33-f5e7-4cab-b12d-a9bf0af34afc] [Auth] Signing refresh token for user: benjaminokumu12@gmail.com
2025-10-21 15:35:27 [INFO] [41856361-5a4a-4503-90e8-43a9bb21fcce] [Auth] Setting auth cookies
2025-10-21 15:35:27 [INFO] [auth:login] User logged in: benjaminokumu12@gmail.com
2025-10-21 15:35:27 [INFO] [articles:list-create] Fetched articles list
2025-10-21 15:35:27 [ERROR] [articles:by-id] Error fetching article by ID
2025-10-21 15:35:28 [ERROR] [articles:by-id] Error fetching article by ID
2025-10-21 15:35:28 [INFO] [articles:list-create] Fetched articles list
2025-10-21 15:35:28 [INFO] [articles:list-create] Fetched articles list
2025-10-21 15:35:28 [INFO] [articles:list-create] Fetched articles list
2025-10-21 15:35:29 [INFO] [articles:list-create] Fetched articles list
2025-10-21 15:35:29 [INFO] [articles:list-create] Fetched articles list
2025-10-21 15:35:30 [INFO] [articles:list-create] Fetched articles list
2025-10-21 15:35:30 [INFO] [articles:list-create] Fetched articles list
2025-10-21 15:35:31 [INFO] [articles:list-create] Fetched articles list
2025-10-21 16:28:30 [ERROR] [articles:by-id] Error fetching article by ID
2025-10-21 16:28:30 [WARN] [829ee461-48ea-42b4-a3d7-8ead8d301cdd] [Auth] No access token found in cookies
2025-10-21 16:28:30 [WARN] [user:me] Unauthenticated access attempt
2025-10-21 16:28:30 [ERROR] [articles:by-id] Error fetching article by ID
2025-10-21 16:28:30 [INFO] [articles:list-create] Fetched articles list
2025-10-21 16:28:30 [WARN] [76d1d9e2-33a8-4b2c-87b6-e8f5983bb91a] [Auth] No access token found in cookies
2025-10-21 16:28:30 [WARN] [user:me] Unauthenticated access attempt
2025-10-21 16:28:30 [INFO] [articles:list-create] Fetched articles list
2025-10-21 16:28:30 [INFO] [articles:list-create] Fetched articles list
2025-10-21 16:28:30 [INFO] [articles:list-create] Fetched articles list
2025-10-21 16:28:31 [INFO] [articles:list-create] Fetched articles list
2025-10-21 16:28:31 [INFO] [articles:list-create] Fetched articles list
2025-10-21 16:28:32 [INFO] [48e4ae9e-5bc5-49de-8db6-107ae8a92b40] [Auth] Signing access token for user: benjaminokumu12@gmail.com
2025-10-21 16:28:32 [INFO] [cd741bc0-ca62-4ca4-ad53-f7a867496a6d] [Auth] Signing refresh token for user: benjaminokumu12@gmail.com
2025-10-21 16:28:32 [INFO] [e35eb0fe-681e-4701-ad60-329ab40fd146] [Auth] Setting auth cookies
2025-10-21 16:28:32 [INFO] [auth:login] User logged in: benjaminokumu12@gmail.com
2025-10-21 16:28:33 [ERROR] [articles:by-id] Error fetching article by ID
2025-10-21 16:28:33 [ERROR] [articles:by-id] Error fetching article by ID
2025-10-21 16:28:33 [INFO] [articles:list-create] Fetched articles list
2025-10-21 16:28:34 [INFO] [articles:list-create] Fetched articles list
2025-10-21 16:28:34 [INFO] [articles:list-create] Fetched articles list
2025-10-21 16:28:35 [INFO] [articles:list-create] Fetched articles list
2025-10-21 16:28:35 [INFO] [articles:list-create] Fetched articles list
2025-10-21 16:28:35 [INFO] [articles:list-create] Fetched articles list
2025-10-21 16:28:36 [INFO] [articles:list-create] Fetched articles list
2025-10-21 16:28:36 [INFO] [articles:list-create] Fetched articles list
2025-10-21 16:28:44 [ERROR] [articles:by-id] Error fetching article by ID
2025-10-21 16:28:44 [INFO] [user:me] User profile retrieved: benjaminokumu12@gmail.com
2025-10-21 16:28:44 [ERROR] [articles:by-id] Error fetching article by ID
2025-10-21 16:28:45 [INFO] [articles:list-create] Fetched articles list
2025-10-21 16:28:45 [INFO] [articles:list-create] Fetched articles list
2025-10-21 16:28:45 [INFO] [articles:list-create] Fetched articles list
2025-10-21 16:28:46 [INFO] [user:me] User profile retrieved: benjaminokumu12@gmail.com
2025-10-21 16:28:47 [INFO] [articles:list-create] Fetched articles list
2025-10-21 16:28:47 [INFO] [articles:list-create] Fetched articles list
2025-10-21 16:28:48 [INFO] [articles:list-create] Fetched articles list
2025-10-21 16:28:48 [INFO] [articles:list-create] Fetched articles list
2025-10-21 16:28:49 [INFO] [articles:list-create] Fetched articles list
2025-10-21 16:28:56 [INFO] [articles:list-create] Fetched articles list
2025-10-21 16:28:56 [INFO] [articles:list-create] Fetched articles list
2025-10-21 16:47:55 [WARN] [8313e5cf-f320-4667-a84a-2fbb6614cca7] [Auth] No access token found in cookies
2025-10-21 16:47:55 [WARN] [user:me] Unauthenticated access attempt
2025-10-21 16:47:57 [INFO] [2dbf9660-8cd7-4c8c-a09b-52dc79d1af67] [Auth] Signing access token for user: benjaminokumu12@gmail.com
2025-10-21 16:47:57 [INFO] [d11a8105-7157-44b4-abf1-6d1624e6a494] [Auth] Signing refresh token for user: benjaminokumu12@gmail.com
2025-10-21 16:47:57 [INFO] [cc82d989-7f29-4363-84e5-f9b7dd657883] [Auth] Setting auth cookies
2025-10-21 16:47:57 [INFO] [auth:login] User logged in: benjaminokumu12@gmail.com
2025-10-21 16:48:01 [INFO] [articles:list-create] Fetched articles list
2025-10-21 16:48:01 [ERROR] [articles:by-id] Error fetching article by ID
2025-10-21 16:48:01 [INFO] [articles:list-create] Fetched articles list
2025-10-21 16:48:02 [INFO] [articles:list-create] Fetched articles list
2025-10-21 16:48:02 [INFO] [articles:list-create] Fetched articles list
2025-10-21 16:48:03 [ERROR] [articles:by-id] Error fetching article by ID
2025-10-21 16:48:03 [INFO] [user:me] User profile retrieved: benjaminokumu12@gmail.com
2025-10-21 16:48:03 [ERROR] [articles:by-id] Error fetching article by ID
2025-10-21 16:48:03 [INFO] [articles:list-create] Fetched articles list
2025-10-21 16:48:03 [INFO] [articles:list-create] Fetched articles list
2025-10-21 16:48:03 [INFO] [articles:list-create] Fetched articles list
2025-10-21 16:48:03 [INFO] [user:me] User profile retrieved: benjaminokumu12@gmail.com
2025-10-21 16:48:04 [INFO] [articles:list-create] Fetched articles list
2025-10-21 16:48:04 [INFO] [articles:list-create] Fetched articles list
2025-10-21 16:48:04 [INFO] [articles:list-create] Fetched articles list
2025-10-21 16:48:04 [INFO] [articles:list-create] Fetched articles list
2025-10-21 16:48:05 [INFO] [articles:list-create] Fetched articles list
2025-10-21 16:48:17 [INFO] [articles:list-create] Fetched articles list
2025-10-21 16:48:17 [INFO] [articles:list-create] Fetched articles list
2025-10-21 16:52:11 [INFO] [user:me] User profile retrieved: benjaminokumu12@gmail.com
2025-10-21 16:52:17 [INFO] [articles:list-create] Fetched articles list
2025-10-21 16:52:17 [INFO] [articles:list-create] Fetched articles list
2025-10-21 16:52:46 [INFO] [user:me] User profile retrieved: benjaminokumu12@gmail.com
2025-10-21 16:52:46 [INFO] [articles:list-create] Fetched articles list
2025-10-21 16:52:46 [INFO] [articles:list-create] Fetched articles list
2025-10-21 16:53:15 [INFO] [user:me] User profile retrieved: benjaminokumu12@gmail.com
2025-10-21 16:53:16 [INFO] [articles:list-create] Fetched articles list
2025-10-21 16:53:17 [INFO] [articles:list-create] Fetched articles list
2025-10-21 16:54:10 [INFO] [user:me] User profile retrieved: benjaminokumu12@gmail.com
2025-10-21 16:54:11 [INFO] [articles:list-create] Fetched articles list
2025-10-21 16:54:11 [INFO] [articles:list-create] Fetched articles list
2025-10-21 16:54:53 [INFO] [user:me] User profile retrieved: benjaminokumu12@gmail.com
2025-10-21 16:54:54 [INFO] [articles:list-create] Fetched articles list
2025-10-21 16:54:54 [INFO] [articles:list-create] Fetched articles list
2025-10-21 16:55:20 [INFO] [user:me] User profile retrieved: benjaminokumu12@gmail.com
2025-10-21 16:55:21 [INFO] [articles:list-create] Fetched articles list
2025-10-21 16:55:21 [INFO] [articles:list-create] Fetched articles list
2025-10-21 16:56:02 [INFO] [user:me] User profile retrieved: benjaminokumu12@gmail.com
2025-10-21 16:56:03 [INFO] [articles:list-create] Fetched articles list
2025-10-21 16:56:03 [INFO] [articles:list-create] Fetched articles list
2025-10-21 16:56:57 [INFO] [user:me] User profile retrieved: benjaminokumu12@gmail.com
2025-10-21 16:56:59 [INFO] [articles:list-create] Fetched articles list
2025-10-21 16:56:59 [INFO] [articles:list-create] Fetched articles list
2025-10-21 17:14:22 [WARN] [60c5e47d-1f27-42c6-85fc-14991372fda2] [Auth] No access token found in cookies
2025-10-21 17:14:22 [WARN] [user:me] Unauthenticated access attempt
2025-10-21 17:14:38 [WARN] [d16dcedf-9bb9-4f26-91b5-4f3dd43eb31c] [Auth] No access token found in cookies
2025-10-21 17:14:38 [WARN] [user:me] Unauthenticated access attempt
2025-10-21 17:14:39 [INFO] [articles:list-create] Fetched articles list
2025-10-21 17:14:39 [INFO] [articles:list-create] Fetched articles list
2025-10-21 17:14:39 [ERROR] [articles:by-id] Error fetching article by ID
2025-10-21 17:14:39 [ERROR] [articles:by-id] Error fetching article by ID
2025-10-21 17:14:39 [WARN] [a4a21c17-f3f3-4aa9-b0ec-bc2c73826acc] [Auth] No access token found in cookies
2025-10-21 17:14:39 [WARN] [user:me] Unauthenticated access attempt
2025-10-21 17:14:39 [INFO] [articles:list-create] Fetched articles list
2025-10-21 17:14:40 [INFO] [articles:list-create] Fetched articles list
2025-10-21 17:14:40 [INFO] [articles:list-create] Fetched articles list
2025-10-21 17:14:41 [INFO] [articles:list-create] Fetched articles list
2025-10-21 17:14:41 [INFO] [articles:list-create] Fetched articles list
2025-10-21 17:14:42 [INFO] [articles:list-create] Fetched articles list
2025-10-21 17:17:53 [INFO] [b91da22e-31ba-48aa-874a-ebcf9afaceab] [Auth] Signing access token for user: benjaminokumu12@gmail.com
2025-10-21 17:17:53 [INFO] [080061db-d8dd-49d2-8de8-b896b4d9c493] [Auth] Signing refresh token for user: benjaminokumu12@gmail.com
2025-10-21 17:17:53 [INFO] [11ac5ebc-e623-44e8-b0fb-c43891526cd7] [Auth] Setting auth cookies
2025-10-21 17:17:53 [INFO] [auth:login] User logged in: benjaminokumu12@gmail.com
2025-10-21 17:17:55 [ERROR] [articles:by-id] Error fetching article by ID
2025-10-21 17:17:55 [ERROR] [articles:by-id] Error fetching article by ID
2025-10-21 17:17:56 [INFO] [articles:list-create] Fetched articles list
2025-10-21 17:17:56 [INFO] [articles:list-create] Fetched articles list
2025-10-21 17:17:56 [INFO] [articles:list-create] Fetched articles list
2025-10-21 17:17:57 [INFO] [articles:list-create] Fetched articles list
2025-10-21 17:17:57 [INFO] [articles:list-create] Fetched articles list
2025-10-21 17:17:57 [INFO] [articles:list-create] Fetched articles list
2025-10-21 17:18:00 [ERROR] [articles:by-id] Error fetching article by ID
2025-10-21 17:18:01 [INFO] [user:me] User profile retrieved: benjaminokumu12@gmail.com
2025-10-21 17:18:01 [ERROR] [articles:by-id] Error fetching article by ID
2025-10-21 17:18:01 [INFO] [articles:list-create] Fetched articles list
2025-10-21 17:18:02 [INFO] [articles:list-create] Fetched articles list
2025-10-21 17:18:02 [INFO] [articles:list-create] Fetched articles list
2025-10-21 17:18:02 [INFO] [articles:list-create] Fetched articles list
2025-10-21 17:18:03 [ERROR] [articles:by-id] Error fetching article by ID
2025-10-21 17:18:03 [INFO] [user:me] User profile retrieved: benjaminokumu12@gmail.com
2025-10-21 17:18:03 [ERROR] [articles:by-id] Error fetching article by ID
2025-10-21 17:18:04 [INFO] [articles:list-create] Fetched articles list
2025-10-21 17:18:04 [INFO] [articles:list-create] Fetched articles list
2025-10-21 17:18:04 [INFO] [user:me] User profile retrieved: benjaminokumu12@gmail.com
2025-10-21 17:18:04 [INFO] [articles:list-create] Fetched articles list
2025-10-21 17:18:04 [INFO] [articles:list-create] Fetched articles list
2025-10-21 17:18:05 [INFO] [articles:list-create] Fetched articles list
2025-10-21 17:18:05 [INFO] [articles:list-create] Fetched articles list
2025-10-21 17:18:06 [INFO] [articles:list-create] Fetched articles list
2025-10-21 17:18:06 [INFO] [articles:list-create] Fetched articles list
2025-10-21 17:18:21 [INFO] [admin:stats] Fetched admin stats
2025-10-21 17:18:22 [INFO] [admin:stats] Fetched admin stats
2025-10-21 17:18:50 [INFO] [articles:list-create] Fetched articles list
2025-10-21 17:18:50 [INFO] [articles:list-create] Fetched articles list
2025-10-21 17:20:16 [INFO] [user:me] User profile retrieved: benjaminokumu12@gmail.com
2025-10-21 17:20:22 [INFO] [articles:list-create] Fetched articles list
2025-10-21 17:20:23 [INFO] [articles:list-create] Fetched articles list
2025-10-21 17:22:09 [INFO] [user:me] User profile retrieved: benjaminokumu12@gmail.com
2025-10-21 17:22:09 [INFO] [user:me] User profile retrieved: benjaminokumu12@gmail.com
2025-10-21 22:25:36 [WARN] [850c9a95-53f3-4a9f-b16c-f4a0630e2450] [Auth] No access token found in cookies
2025-10-21 22:25:36 [WARN] [user:me] Unauthenticated access attempt
2025-10-21 22:25:43 [INFO] [8a849d44-5dc1-4003-bd48-22c610a0a753] [Auth] Signing access token for user: benjaminokumu12@gmail.com
2025-10-21 22:25:43 [INFO] [f3cac46d-8c6d-4b37-ab0c-84640ebaf2e0] [Auth] Signing refresh token for user: benjaminokumu12@gmail.com
2025-10-21 22:25:43 [INFO] [b6981bfc-3591-4960-b8c8-0530b34cebf6] [Auth] Setting auth cookies
2025-10-21 22:25:43 [INFO] [auth:login] User logged in: benjaminokumu12@gmail.com
2025-10-21 22:25:48 [INFO] [articles:list-create] Fetched articles list
2025-10-21 22:25:49 [INFO] [articles:list-create] Fetched articles list
2025-10-21 22:25:50 [INFO] [articles:list-create] Fetched articles list
2025-10-21 22:25:50 [INFO] [articles:list-create] Fetched articles list
2025-10-21 22:25:52 [INFO] [user:me] User profile retrieved: benjaminokumu12@gmail.com
2025-10-21 22:25:53 [INFO] [articles:list-create] Fetched articles list
2025-10-21 22:25:53 [ERROR] [articles:by-id] Error fetching article by ID
2025-10-21 22:25:53 [ERROR] [articles:by-id] Error fetching article by ID
2025-10-21 22:25:53 [ERROR] [articles:by-id] Error fetching article by ID
2025-10-21 22:25:53 [ERROR] [articles:by-id] Error fetching article by ID
2025-10-21 22:25:53 [INFO] [articles:list-create] Fetched articles list
2025-10-21 22:25:53 [INFO] [articles:list-create] Fetched articles list
2025-10-21 22:25:53 [INFO] [user:me] User profile retrieved: benjaminokumu12@gmail.com
2025-10-21 22:25:53 [INFO] [articles:list-create] Fetched articles list
2025-10-21 22:25:53 [INFO] [articles:list-create] Fetched articles list
2025-10-21 22:25:54 [INFO] [articles:list-create] Fetched articles list
2025-10-21 22:25:54 [INFO] [articles:list-create] Fetched articles list
2025-10-21 22:25:54 [INFO] [articles:list-create] Fetched articles list
2025-10-21 22:26:08 [INFO] [admin:stats] Fetched admin stats
2025-10-21 22:26:09 [INFO] [admin:stats] Fetched admin stats
2025-10-21 22:27:21 [INFO] [articles:list-create] Fetched articles list
2025-10-21 22:27:21 [INFO] [articles:list-create] Fetched articles list
2025-10-21 22:27:33 [INFO] [users] Users retrieved
2025-10-21 22:27:33 [INFO] [users] Users retrieved
2025-10-21 22:28:08 [INFO] [articles:list-create] Fetched articles list
2025-10-21 22:28:08 [INFO] [articles:list-create] Fetched articles list
