2026-02-24 14:39:21 [INFO] [articles:list-create] Fetched articles list
2026-02-24 14:39:22 [INFO] [articles:list-create] Fetched articles list
2026-02-24 14:39:23 [ERROR] [articles:by-id] Error fetching article by ID
2026-02-24 14:39:24 [WARN] [7f932160-fe82-43cc-a425-7296d429ba3a] [Auth] No access token found in cookies
2026-02-24 14:39:24 [WARN] [user:me] Unauthenticated access attempt
2026-02-24 14:39:25 [ERROR] [articles:by-id] Error fetching article by ID
2026-02-24 14:39:25 [WARN] [806edeec-1949-4ec8-a16f-c3387bd7dcaf] [Auth] No access token found in cookies
2026-02-24 14:39:26 [WARN] [user:me] Unauthenticated access attempt
2026-02-24 14:39:26 [INFO] [articles:list-create] Fetched articles list
2026-02-24 14:39:26 [INFO] [articles:list-create] Fetched articles list
2026-02-24 14:40:42 [ERROR] [articles:by-id] Error fetching article by ID
2026-02-24 14:40:43 [WARN] [203d6c60-863a-43f0-b011-0e7845f105b9] [Auth] No access token found in cookies
2026-02-24 14:40:43 [WARN] [user:me] Unauthenticated access attempt
2026-02-24 14:40:43 [INFO] [articles:list-create] Fetched articles list
2026-02-24 14:40:44 [ERROR] [articles:by-id] Error fetching article by ID
2026-02-24 14:40:44 [INFO] [articles:list-create] Fetched articles list
2026-02-24 14:40:44 [WARN] [bdd4b4cf-3dae-40f1-a559-8b97e9d97cd4] [Auth] No access token found in cookies
2026-02-24 14:40:44 [WARN] [user:me] Unauthenticated access attempt
2026-02-24 14:40:44 [INFO] [articles:list-create] Fetched articles list
2026-02-24 14:40:51 [INFO] [articles:list-create] Fetched articles list
2026-02-24 14:44:11 [ERROR] [articles:by-id] Error fetching article by ID
2026-02-24 14:44:14 [INFO] [articles:list-create] Fetched articles list
2026-02-24 14:44:15 [WARN] [09daae03-77dd-45ca-9864-505ff09eb831] [Auth] No access token found in cookies
2026-02-24 14:44:16 [WARN] [user:me] Unauthenticated access attempt
2026-02-24 14:44:17 [ERROR] [articles:by-id] Error fetching article by ID
2026-02-24 14:44:17 [WARN] [feeea815-4469-44d9-9306-4335acf1f12a] [Auth] No access token found in cookies
2026-02-24 14:44:17 [WARN] [user:me] Unauthenticated access attempt
2026-02-24 14:44:17 [INFO] [articles:list-create] Fetched articles list
2026-02-24 14:44:17 [INFO] [articles:list-create] Fetched articles list
2026-02-24 14:45:10 [INFO] [articles:list-create] Fetched articles list
2026-02-24 14:46:58 [ERROR] [articles:by-id] Error fetching article by ID
2026-02-24 14:46:58 [ERROR] [articles:by-id] Error fetching article by ID
2026-02-24 14:47:00 [INFO] [articles:list-create] Fetched articles list
2026-02-24 14:47:00 [INFO] [articles:list-create] Fetched articles list
2026-02-24 14:47:00 [INFO] [articles:list-create] Fetched articles list
2026-02-24 14:47:55 [INFO] [articles:list-create] Fetched articles list
2026-02-24 14:49:30 [ERROR] [articles:by-id] Error fetching article by ID
2026-02-24 14:49:30 [ERROR] [articles:by-id] Error fetching article by ID
2026-02-24 14:49:33 [INFO] [articles:list-create] Fetched articles list
2026-02-24 14:49:33 [ERROR] [articles:by-id] Error fetching article by ID
2026-02-24 14:49:33 [INFO] [articles:list-create] Fetched articles list
2026-02-24 14:49:33 [ERROR] [articles:by-id] Error fetching article by ID
2026-02-24 14:49:33 [INFO] [articles:list-create] Fetched articles list
2026-02-24 14:49:34 [INFO] [articles:list-create] Fetched articles list
2026-02-24 14:49:34 [INFO] [articles:list-create] Fetched articles list
2026-02-24 14:49:34 [INFO] [articles:list-create] Fetched articles list
2026-02-24 14:49:43 [ERROR] [articles:by-id] Error fetching article by ID
2026-02-24 14:49:44 [INFO] [articles:list-create] Fetched articles list
2026-02-24 14:49:44 [INFO] [articles:list-create] Fetched articles list
2026-02-24 14:49:45 [WARN] [bb68a0c3-116a-44e8-ae0a-7f78aadb1486] [Auth] No access token found in cookies
2026-02-24 14:49:45 [WARN] [user:me] Unauthenticated access attempt
2026-02-24 14:49:45 [ERROR] [articles:by-id] Error fetching article by ID
2026-02-24 14:49:46 [WARN] [564dd877-7cc5-427c-8fc5-be73ed144aa0] [Auth] No access token found in cookies
2026-02-24 14:49:46 [WARN] [user:me] Unauthenticated access attempt
2026-02-24 14:49:46 [INFO] [articles:list-create] Fetched articles list
2026-02-24 14:49:46 [INFO] [articles:list-create] Fetched articles list
2026-02-24 14:49:56 [INFO] [articles:list-create] Fetched articles list
2026-02-24 14:49:56 [INFO] [articles:list-create] Fetched articles list
2026-02-24 14:50:32 [ERROR] [articles:by-id] Error fetching article by ID
2026-02-24 14:50:32 [ERROR] [articles:by-id] Error fetching article by ID
2026-02-24 14:50:32 [INFO] [articles:list-create] Fetched articles list
2026-02-24 14:50:32 [INFO] [articles:list-create] Fetched articles list
2026-02-24 14:50:33 [INFO] [articles:list-create] Fetched articles list
2026-02-24 14:50:33 [INFO] [articles:list-create] Fetched articles list
2026-02-24 14:50:40 [ERROR] [articles:by-id] Error fetching article by ID
2026-02-24 14:50:40 [ERROR] [articles:by-id] Error fetching article by ID
2026-02-24 14:50:40 [INFO] [articles:list-create] Fetched articles list
2026-02-24 14:50:40 [INFO] [articles:list-create] Fetched articles list
2026-02-24 14:50:41 [INFO] [articles:list-create] Fetched articles list
2026-02-24 14:50:41 [INFO] [articles:list-create] Fetched articles list
2026-02-24 14:50:51 [ERROR] [articles:by-id] Error fetching article by ID
2026-02-24 14:50:51 [ERROR] [articles:by-id] Error fetching article by ID
2026-02-24 14:50:51 [INFO] [articles:list-create] Fetched articles list
2026-02-24 14:50:51 [INFO] [articles:list-create] Fetched articles list
2026-02-24 14:50:51 [INFO] [articles:list-create] Fetched articles list
2026-02-24 14:50:51 [INFO] [articles:list-create] Fetched articles list
2026-02-24 14:50:57 [ERROR] [articles:by-id] Error fetching article by ID
2026-02-24 14:50:57 [INFO] [articles:list-create] Fetched articles list
2026-02-24 14:50:57 [INFO] [articles:list-create] Fetched articles list
2026-02-24 14:50:58 [WARN] [538615fc-2803-449b-97c2-73f8e8726282] [Auth] No access token found in cookies
2026-02-24 14:50:58 [WARN] [user:me] Unauthenticated access attempt
2026-02-24 14:50:58 [ERROR] [articles:by-id] Error fetching article by ID
2026-02-24 14:50:58 [WARN] [a063a20c-23a4-4225-9409-4994c5135e6a] [Auth] No access token found in cookies
2026-02-24 14:50:58 [WARN] [user:me] Unauthenticated access attempt
2026-02-24 14:50:58 [INFO] [articles:list-create] Fetched articles list
2026-02-24 14:50:58 [INFO] [articles:list-create] Fetched articles list
2026-02-24 14:51:06 [ERROR] [articles:by-id] Error fetching article by ID
2026-02-24 14:51:06 [WARN] [4b08260f-740c-423d-a27c-2888613d8509] [Auth] No access token found in cookies
2026-02-24 14:51:06 [WARN] [user:me] Unauthenticated access attempt
2026-02-24 14:51:06 [INFO] [articles:list-create] Fetched articles list
2026-02-24 14:51:06 [INFO] [articles:list-create] Fetched articles list
2026-02-24 14:51:06 [ERROR] [articles:by-id] Error fetching article by ID
2026-02-24 14:51:06 [WARN] [a9854c3b-6db7-423a-af0d-a8da2bc0a7c0] [Auth] No access token found in cookies
2026-02-24 14:51:06 [WARN] [user:me] Unauthenticated access attempt
2026-02-24 14:51:06 [INFO] [articles:list-create] Fetched articles list
2026-02-24 14:51:07 [INFO] [articles:list-create] Fetched articles list
2026-02-24 14:51:48 [ERROR] [articles:by-id] Error fetching article by ID
2026-02-24 14:51:48 [ERROR] [articles:by-id] Error fetching article by ID
2026-02-24 14:51:48 [INFO] [articles:list-create] Fetched articles list
2026-02-24 14:51:48 [INFO] [articles:list-create] Fetched articles list
2026-02-24 14:51:50 [INFO] [articles:list-create] Fetched articles list
2026-02-24 14:52:34 [ERROR] [articles:list-create] Error listing articles
2026-02-24 14:52:47 [ERROR] [articles:by-id] Error fetching article by ID
2026-02-24 14:53:07 [INFO] [articles:list-create] Fetched articles list
2026-02-24 14:53:07 [WARN] [b13123e0-b3ab-4be6-a501-96b04433da12] [Auth] No access token found in cookies
2026-02-24 14:53:07 [WARN] [user:me] Unauthenticated access attempt
2026-02-24 14:53:07 [INFO] [articles:list-create] Fetched articles list
2026-02-24 14:53:07 [ERROR] [articles:by-id] Error fetching article by ID
2026-02-24 14:53:08 [WARN] [58716012-21af-4d90-83e2-53b63879550e] [Auth] No access token found in cookies
2026-02-24 14:53:08 [WARN] [user:me] Unauthenticated access attempt
2026-02-24 14:53:08 [INFO] [articles:list-create] Fetched articles list
2026-02-24 14:53:08 [INFO] [articles:list-create] Fetched articles list
2026-02-24 14:54:41 [ERROR] [articles:by-id] Error fetching article by ID
2026-02-24 14:54:41 [ERROR] [articles:by-id] Error fetching article by ID
2026-02-24 14:54:41 [INFO] [articles:list-create] Fetched articles list
2026-02-24 14:54:41 [INFO] [articles:list-create] Fetched articles list
2026-02-24 14:54:43 [INFO] [articles:list-create] Fetched articles list
2026-02-24 14:54:43 [INFO] [articles:list-create] Fetched articles list
2026-02-24 14:54:52 [ERROR] [articles:by-id] Error fetching article by ID
2026-02-24 14:54:52 [ERROR] [articles:by-id] Error fetching article by ID
2026-02-24 14:54:52 [INFO] [articles:list-create] Fetched articles list
2026-02-24 14:54:52 [INFO] [articles:list-create] Fetched articles list
2026-02-24 14:54:52 [INFO] [articles:list-create] Fetched articles list
2026-02-24 14:54:52 [INFO] [articles:list-create] Fetched articles list
2026-02-24 14:56:14 [ERROR] [articles:by-id] Error fetching article by ID
2026-02-24 14:56:14 [ERROR] [articles:by-id] Error fetching article by ID
2026-02-24 14:56:18 [INFO] [articles:list-create] Fetched articles list
2026-02-24 14:56:18 [INFO] [articles:list-create] Fetched articles list
2026-02-24 14:56:19 [WARN] [41faffb3-0ea8-4b1a-a805-d35a78c3f1e8] [Auth] No access token found in cookies
2026-02-24 14:56:19 [WARN] [user:me] Unauthenticated access attempt
2026-02-24 14:56:19 [WARN] [34c64454-6ac5-4f49-9449-bc1054484b7b] [Auth] No access token found in cookies
2026-02-24 14:56:19 [WARN] [user:me] Unauthenticated access attempt
2026-02-24 14:56:22 [ERROR] [articles:by-id] Error fetching article by ID
2026-02-24 14:56:23 [ERROR] [articles:by-id] Error fetching article by ID
2026-02-24 14:56:23 [WARN] [d9760e1e-f5a8-4bee-8934-a8d0a649adea] [Auth] No access token found in cookies
2026-02-24 14:56:23 [WARN] [user:me] Unauthenticated access attempt
2026-02-24 14:56:23 [WARN] [29d11932-c98e-434e-9693-1b336cbd1f29] [Auth] No access token found in cookies
2026-02-24 14:56:23 [WARN] [user:me] Unauthenticated access attempt
2026-02-24 14:56:28 [INFO] [articles:list-create] Fetched articles list
2026-02-24 14:56:28 [INFO] [articles:list-create] Fetched articles list
2026-02-24 14:56:28 [INFO] [articles:list-create] Fetched articles list
2026-02-24 14:56:28 [INFO] [articles:list-create] Fetched articles list
2026-02-24 14:56:46 [ERROR] [articles:by-id] Error fetching article by ID
2026-02-24 14:56:47 [WARN] [52f31597-de0f-4489-8ea8-03510608f79e] [Auth] No access token found in cookies
2026-02-24 14:56:47 [WARN] [user:me] Unauthenticated access attempt
2026-02-24 14:56:47 [INFO] [articles:list-create] Fetched articles list
2026-02-24 14:56:47 [INFO] [articles:list-create] Fetched articles list
2026-02-24 14:56:47 [ERROR] [articles:by-id] Error fetching article by ID
2026-02-24 14:56:48 [WARN] [edc5f2ed-eaa9-4b88-8dbf-eca374368e57] [Auth] No access token found in cookies
2026-02-24 14:56:48 [WARN] [user:me] Unauthenticated access attempt
2026-02-24 14:56:48 [INFO] [articles:list-create] Fetched articles list
2026-02-24 14:56:48 [INFO] [articles:list-create] Fetched articles list
2026-02-24 14:57:03 [INFO] [articles:list-create] Fetched articles list
2026-02-24 14:57:34 [INFO] [articles:list-create] Fetched articles list
2026-02-24 14:57:39 [ERROR] [articles:by-id] Error fetching article by ID
2026-02-24 14:57:39 [ERROR] [articles:by-id] Error fetching article by ID
2026-02-24 14:57:41 [WARN] [ba52a7a9-4d7b-4687-a672-7d94f2c5e674] [Auth] No access token found in cookies
2026-02-24 14:57:41 [WARN] [user:me] Unauthenticated access attempt
2026-02-24 14:57:41 [WARN] [a53d49f0-def0-44f8-8485-3e5f253b99a8] [Auth] No access token found in cookies
2026-02-24 14:57:41 [WARN] [user:me] Unauthenticated access attempt
2026-02-24 14:57:41 [INFO] [articles:list-create] Fetched articles list
2026-02-24 14:57:41 [INFO] [articles:list-create] Fetched articles list
2026-02-24 14:57:41 [ERROR] [articles:by-id] Error fetching article by ID
2026-02-24 14:57:42 [INFO] [articles:list-create] Fetched articles list
2026-02-24 14:57:42 [WARN] [d12a3860-5164-4cf6-83a5-eccb96efe1b3] [Auth] No access token found in cookies
2026-02-24 14:57:42 [WARN] [user:me] Unauthenticated access attempt
2026-02-24 14:57:42 [ERROR] [articles:by-id] Error fetching article by ID
2026-02-24 14:57:43 [WARN] [78d3c3a2-fbad-4000-be46-2c7365dafda9] [Auth] No access token found in cookies
2026-02-24 14:57:43 [WARN] [user:me] Unauthenticated access attempt
2026-02-24 14:57:43 [INFO] [articles:list-create] Fetched articles list
2026-02-24 14:57:43 [INFO] [articles:list-create] Fetched articles list
2026-02-24 14:57:43 [INFO] [articles:list-create] Fetched articles list
2026-02-24 14:57:43 [INFO] [articles:list-create] Fetched articles list
2026-02-24 14:57:43 [INFO] [articles:list-create] Fetched articles list
2026-02-24 14:57:51 [ERROR] [articles:by-id] Error fetching article by ID
2026-02-24 14:57:51 [WARN] [d95b1244-a052-4ab7-8372-d6b451ede2eb] [Auth] No access token found in cookies
2026-02-24 14:57:51 [WARN] [user:me] Unauthenticated access attempt
2026-02-24 14:57:51 [INFO] [articles:list-create] Fetched articles list
2026-02-24 14:57:51 [INFO] [articles:list-create] Fetched articles list
2026-02-24 14:57:51 [ERROR] [articles:by-id] Error fetching article by ID
2026-02-24 14:57:51 [WARN] [2b10231b-37ae-4160-a77d-1a8304dbda6e] [Auth] No access token found in cookies
2026-02-24 14:57:51 [WARN] [user:me] Unauthenticated access attempt
2026-02-24 14:57:51 [INFO] [articles:list-create] Fetched articles list
2026-02-24 14:57:51 [INFO] [articles:list-create] Fetched articles list
